# JRE version: Java(TM) SE Runtime Environment (8.0-b132) (build 1.8.0-b132)
# Java VM: Java HotSpot(TM) 64-Bit Server VM (25.0-b70 mixed mode windows-amd64 compressed oops)
Heap:
 PSYoungGen      total 223744K, used 52834K [0x00000000eab00000, 0x00000000fc280000, 0x0000000100000000)
  eden space 184832K, 23% used [0x00000000eab00000,0x00000000ed59e968,0x00000000f5f80000)
  from space 38912K, 23% used [0x00000000f8e00000,0x00000000f96f9f48,0x00000000fb400000)
  to   space 47616K, 0% used [0x00000000f5f80000,0x00000000f5f80000,0x00000000f8e00000)
 ParOldGen       total 260096K, used 223640K [0x00000000c0000000, 0x00000000cfe00000, 0x00000000eab00000)
  object space 260096K, 85% used [0x00000000c0000000,0x00000000cda66398,0x00000000cfe00000)
 Metaspace       used 6296K, capacity 7128K, committed 7424K, reserved 1056768K
  class space    used 620K, capacity 656K, committed 768K, reserved 1048576K
GC Heap History (10 events):
Event: 6.259 GC heap before
{Heap before GC invocations=36 (full 2):
 PSYoungGen      total 200192K, used 185322K [0x00000000eab00000, 0x00000000fa580000, 0x0000000100000000)
  eden space 171520K, 100% used [0x00000000eab00000,0x00000000f5280000,0x00000000f5280000)
  from space 28672K, 48% used [0x00000000f5280000,0x00000000f5ffabf8,0x00000000f6e80000)
  to   space 33280K, 0% used [0x00000000f8500000,0x00000000f8500000,0x00000000fa580000)
 ParOldGen       total 180224K, used 154222K [0x00000000c0000000, 0x00000000cb000000, 0x00000000eab00000)
  object space 180224K, 85% used [0x00000000c0000000,0x00000000c969b8c8,0x00000000cb000000)
 Metaspace       used 6284K, capacity 7128K, committed 7424K, reserved 1056768K
  class space    used 620K, capacity 656K, committed 768K, reserved 1048576K
Event: 6.318 GC heap after
Heap after GC invocations=36 (full 2):
 PSYoungGen      total 215040K, used 33253K [0x00000000eab00000, 0x00000000fa880000, 0x0000000100000000)
  eden space 181760K, 0% used [0x00000000eab00000,0x00000000eab00000,0x00000000f5c80000)
  from space 33280K, 99% used [0x00000000f8500000,0x00000000fa579608,0x00000000fa580000)
  to   space 38912K, 0% used [0x00000000f5c80000,0x00000000f5c80000,0x00000000f8280000)
 ParOldGen       total 180224K, used 154629K [0x00000000c0000000, 0x00000000cb000000, 0x00000000eab00000)
  object space 180224K, 85% used [0x00000000c0000000,0x00000000c97014b8,0x00000000cb000000)
 Metaspace       used 6284K, capacity 7128K, committed 7424K, reserved 1056768K
  class space    used 620K, capacity 656K, committed 768K, reserved 1048576K
}
Event: 6.576 GC heap before
{Heap before GC invocations=37 (full 2):
 PSYoungGen      total 215040K, used 215013K [0x00000000eab00000, 0x00000000fa880000, 0x0000000100000000)
  eden space 181760K, 100% used [0x00000000eab00000,0x00000000f5c80000,0x00000000f5c80000)
  from space 33280K, 99% used [0x00000000f8500000,0x00000000fa579608,0x00000000fa580000)
  to   space 38912K, 0% used [0x00000000f5c80000,0x00000000f5c80000,0x00000000f8280000)
 ParOldGen       total 180224K, used 154629K [0x00000000c0000000, 0x00000000cb000000, 0x00000000eab00000)
  object space 180224K, 85% used [0x00000000c0000000,0x00000000c97014b8,0x00000000cb000000)
 Metaspace       used 6291K, capacity 7128K, committed 7424K, reserved 1056768K
  class space    used 620K, capacity 656K, committed 768K, reserved 1048576K
Event: 6.622 GC heap after
Heap after GC invocations=37 (full 2):
 PSYoungGen      total 220672K, used 19853K [0x00000000eab00000, 0x00000000fb400000, 0x0000000100000000)
  eden space 181760K, 0% used [0x00000000eab00000,0x00000000eab00000,0x00000000f5c80000)
  from space 38912K, 51% used [0x00000000f5c80000,0x00000000f6fe3640,0x00000000f8280000)
  to   space 38912K, 0% used [0x00000000f8e00000,0x00000000f8e00000,0x00000000fb400000)
 ParOldGen       total 188416K, used 187474K [0x00000000c0000000, 0x00000000cb800000, 0x00000000eab00000)
  object space 188416K, 99% used [0x00000000c0000000,0x00000000cb714998,0x00000000cb800000)
 Metaspace       used 6291K, capacity 7128K, committed 7424K, reserved 1056768K
  class space    used 620K, capacity 656K, committed 768K, reserved 1048576K
}
Event: 6.622 GC heap before
{Heap before GC invocations=38 (full 3):
 PSYoungGen      total 220672K, used 19853K [0x00000000eab00000, 0x00000000fb400000, 0x0000000100000000)
  eden space 181760K, 0% used [0x00000000eab00000,0x00000000eab00000,0x00000000f5c80000)
  from space 38912K, 51% used [0x00000000f5c80000,0x00000000f6fe3640,0x00000000f8280000)
  to   space 38912K, 0% used [0x00000000f8e00000,0x00000000f8e00000,0x00000000fb400000)
 ParOldGen       total 188416K, used 187474K [0x00000000c0000000, 0x00000000cb800000, 0x00000000eab00000)
  object space 188416K, 99% used [0x00000000c0000000,0x00000000cb714998,0x00000000cb800000)
 Metaspace       used 6291K, capacity 7128K, committed 7424K, reserved 1056768K
  class space    used 620K, capacity 656K, committed 768K, reserved 1048576K
Event: 7.225 GC heap after
Heap after GC invocations=38 (full 3):
 PSYoungGen      total 220672K, used 16118K [0x00000000eab00000, 0x00000000fb400000, 0x0000000100000000)
  eden space 181760K, 0% used [0x00000000eab00000,0x00000000eab00000,0x00000000f5c80000)
  from space 38912K, 41% used [0x00000000f5c80000,0x00000000f6c3d9a8,0x00000000f8280000)
  to   space 38912K, 0% used [0x00000000f8e00000,0x00000000f8e00000,0x00000000fb400000)
 ParOldGen       total 223744K, used 188247K [0x00000000c0000000, 0x00000000cda80000, 0x00000000eab00000)
  object space 223744K, 84% used [0x00000000c0000000,0x00000000cb7d5c70,0x00000000cda80000)
 Metaspace       used 6291K, capacity 7128K, committed 7424K, reserved 1056768K
  class space    used 620K, capacity 656K, committed 768K, reserved 1048576K
}
Event: 7.959 GC heap before
{Heap before GC invocations=39 (full 3):
 PSYoungGen      total 220672K, used 197878K [0x00000000eab00000, 0x00000000fb400000, 0x0000000100000000)
  eden space 181760K, 100% used [0x00000000eab00000,0x00000000f5c80000,0x00000000f5c80000)
  from space 38912K, 41% used [0x00000000f5c80000,0x00000000f6c3d9a8,0x00000000f8280000)
  to   space 38912K, 0% used [0x00000000f8e00000,0x00000000f8e00000,0x00000000fb400000)
 ParOldGen       total 223744K, used 188247K [0x00000000c0000000, 0x00000000cda80000, 0x00000000eab00000)
  object space 223744K, 84% used [0x00000000c0000000,0x00000000cb7d5c70,0x00000000cda80000)
 Metaspace       used 6295K, capacity 7128K, committed 7424K, reserved 1056768K
  class space    used 620K, capacity 656K, committed 768K, reserved 1048576K
Event: 8.028 GC heap after
Heap after GC invocations=39 (full 3):
 PSYoungGen      total 223744K, used 38904K [0x00000000eab00000, 0x00000000fc280000, 0x0000000100000000)
  eden space 184832K, 0% used [0x00000000eab00000,0x00000000eab00000,0x00000000f5f80000)
  from space 38912K, 99% used [0x00000000f8e00000,0x00000000fb3fe030,0x00000000fb400000)
  to   space 47616K, 0% used [0x00000000f5f80000,0x00000000f5f80000,0x00000000f8e00000)
 ParOldGen       total 223744K, used 194261K [0x00000000c0000000, 0x00000000cda80000, 0x00000000eab00000)
  object space 223744K, 86% used [0x00000000c0000000,0x00000000cbdb54f0,0x00000000cda80000)
 Metaspace       used 6295K, capacity 7128K, committed 7424K, reserved 1056768K
  class space    used 620K, capacity 656K, committed 768K, reserved 1048576K
}
Event: 8.028 GC heap before
{Heap before GC invocations=40 (full 4):
 PSYoungGen      total 223744K, used 38904K [0x00000000eab00000, 0x00000000fc280000, 0x0000000100000000)
  eden space 184832K, 0% used [0x00000000eab00000,0x00000000eab00000,0x00000000f5f80000)
  from space 38912K, 99% used [0x00000000f8e00000,0x00000000fb3fe030,0x00000000fb400000)
  to   space 47616K, 0% used [0x00000000f5f80000,0x00000000f5f80000,0x00000000f8e00000)
 ParOldGen       total 223744K, used 194261K [0x00000000c0000000, 0x00000000cda80000, 0x00000000eab00000)
  object space 223744K, 86% used [0x00000000c0000000,0x00000000cbdb54f0,0x00000000cda80000)
 Metaspace       used 6295K, capacity 7128K, committed 7424K, reserved 1056768K
  class space    used 620K, capacity 656K, committed 768K, reserved 1048576K
Event: 8.926 GC heap after
Heap after GC invocations=40 (full 4):
 PSYoungGen      total 223744K, used 9191K [0x00000000eab00000, 0x00000000fc280000, 0x0000000100000000)
  eden space 184832K, 0% used [0x00000000eab00000,0x00000000eab00000,0x00000000f5f80000)
  from space 38912K, 23% used [0x00000000f8e00000,0x00000000f96f9f48,0x00000000fb400000)
  to   space 47616K, 0% used [0x00000000f5f80000,0x00000000f5f80000,0x00000000f8e00000)
 ParOldGen       total 260096K, used 223640K [0x00000000c0000000, 0x00000000cfe00000, 0x00000000eab00000)
  object space 260096K, 85% used [0x00000000c0000000,0x00000000cda66398,0x00000000cfe00000)
 Metaspace       used 6295K, capacity 7128K, committed 7424K, reserved 1056768K
  class space    used 620K, capacity 656K, committed 768K, reserved 1048576K
}

