# JRE version: Java(TM) SE Runtime Environment (8.0-b132) (build 1.8.0-b132)
# Java VM: Java HotSpot(TM) 64-Bit Server VM (25.0-b70 mixed mode windows-amd64 compressed oops)
Heap:
 PSYoungGen      total 265216K, used 261455K [0x00000000eab00000, 0x00000000ff700000, 0x0000000100000000)
  eden space 232960K, 100% used [0x00000000eab00000,0x00000000f8e80000,0x00000000f8e80000)
  from space 32256K, 88% used [0x00000000fd780000,0x00000000ff353fb0,0x00000000ff700000)
  to   space 44544K, 0% used [0x00000000fa000000,0x00000000fa000000,0x00000000fcb80000)
 ParOldGen       total 158208K, used 157796K [0x00000000c0000000, 0x00000000c9a80000, 0x00000000eab00000)
  object space 158208K, 99% used [0x00000000c0000000,0x00000000c9a19268,0x00000000c9a80000)
 Metaspace       used 6279K, capacity 7128K, committed 7424K, reserved 1056768K
  class space    used 620K, capacity 656K, committed 768K, reserved 1048576K
GC Heap History (10 events):
Event: 3.462 GC heap before
{Heap before GC invocations=26 (full 0):
 PSYoungGen      total 180224K, used 180198K [0x00000000eab00000, 0x00000000fb480000, 0x0000000100000000)
  eden space 160768K, 100% used [0x00000000eab00000,0x00000000f4800000,0x00000000f4800000)
  from space 19456K, 99% used [0x00000000f4800000,0x00000000f5af9898,0x00000000f5b00000)
  to   space 31232K, 0% used [0x00000000f9600000,0x00000000f9600000,0x00000000fb480000)
 ParOldGen       total 129536K, used 85015K [0x00000000c0000000, 0x00000000c7e80000, 0x00000000eab00000)
  object space 129536K, 65% used [0x00000000c0000000,0x00000000c5305f38,0x00000000c7e80000)
 Metaspace       used 6240K, capacity 7064K, committed 7424K, reserved 1056768K
  class space    used 619K, capacity 656K, committed 768K, reserved 1048576K
Event: 3.518 GC heap after
Heap after GC invocations=26 (full 0):
 PSYoungGen      total 236544K, used 26315K [0x00000000eab00000, 0x00000000fbc80000, 0x0000000100000000)
  eden space 205312K, 0% used [0x00000000eab00000,0x00000000eab00000,0x00000000f7380000)
  from space 31232K, 84% used [0x00000000f9600000,0x00000000fafb2ec8,0x00000000fb480000)
  to   space 35328K, 0% used [0x00000000f7380000,0x00000000f7380000,0x00000000f9600000)
 ParOldGen       total 129536K, used 104425K [0x00000000c0000000, 0x00000000c7e80000, 0x00000000eab00000)
  object space 129536K, 80% used [0x00000000c0000000,0x00000000c65fa610,0x00000000c7e80000)
 Metaspace       used 6240K, capacity 7064K, committed 7424K, reserved 1056768K
  class space    used 619K, capacity 656K, committed 768K, reserved 1048576K
}
Event: 4.025 GC heap before
{Heap before GC invocations=27 (full 0):
 PSYoungGen      total 236544K, used 231627K [0x00000000eab00000, 0x00000000fbc80000, 0x0000000100000000)
  eden space 205312K, 100% used [0x00000000eab00000,0x00000000f7380000,0x00000000f7380000)
  from space 31232K, 84% used [0x00000000f9600000,0x00000000fafb2ec8,0x00000000fb480000)
  to   space 35328K, 0% used [0x00000000f7380000,0x00000000f7380000,0x00000000f9600000)
 ParOldGen       total 129536K, used 104425K [0x00000000c0000000, 0x00000000c7e80000, 0x00000000eab00000)
  object space 129536K, 80% used [0x00000000c0000000,0x00000000c65fa610,0x00000000c7e80000)
 Metaspace       used 6256K, capacity 7128K, committed 7424K, reserved 1056768K
  class space    used 619K, capacity 656K, committed 768K, reserved 1048576K
Event: 4.113 GC heap after
Heap after GC invocations=27 (full 0):
 PSYoungGen      total 240640K, used 32289K [0x00000000eab00000, 0x00000000fff00000, 0x0000000100000000)
  eden space 205312K, 0% used [0x00000000eab00000,0x00000000eab00000,0x00000000f7380000)
  from space 35328K, 91% used [0x00000000f7380000,0x00000000f93084f8,0x00000000f9600000)
  to   space 40448K, 0% used [0x00000000fd780000,0x00000000fd780000,0x00000000fff00000)
 ParOldGen       total 129536K, used 129330K [0x00000000c0000000, 0x00000000c7e80000, 0x00000000eab00000)
  object space 129536K, 99% used [0x00000000c0000000,0x00000000c7e4c908,0x00000000c7e80000)
 Metaspace       used 6256K, capacity 7128K, committed 7424K, reserved 1056768K
  class space    used 619K, capacity 656K, committed 768K, reserved 1048576K
}
Event: 4.113 GC heap before
{Heap before GC invocations=28 (full 1):
 PSYoungGen      total 240640K, used 32289K [0x00000000eab00000, 0x00000000fff00000, 0x0000000100000000)
  eden space 205312K, 0% used [0x00000000eab00000,0x00000000eab00000,0x00000000f7380000)
  from space 35328K, 91% used [0x00000000f7380000,0x00000000f93084f8,0x00000000f9600000)
  to   space 40448K, 0% used [0x00000000fd780000,0x00000000fd780000,0x00000000fff00000)
 ParOldGen       total 129536K, used 129330K [0x00000000c0000000, 0x00000000c7e80000, 0x00000000eab00000)
  object space 129536K, 99% used [0x00000000c0000000,0x00000000c7e4c908,0x00000000c7e80000)
 Metaspace       used 6256K, capacity 7128K, committed 7424K, reserved 1056768K
  class space    used 619K, capacity 656K, committed 768K, reserved 1048576K
Event: 4.960 GC heap after
Heap after GC invocations=28 (full 1):
 PSYoungGen      total 240640K, used 26500K [0x00000000eab00000, 0x00000000fff00000, 0x0000000100000000)
  eden space 205312K, 0% used [0x00000000eab00000,0x00000000eab00000,0x00000000f7380000)
  from space 35328K, 75% used [0x00000000f7380000,0x00000000f8d61098,0x00000000f9600000)
  to   space 40448K, 0% used [0x00000000fd780000,0x00000000fd780000,0x00000000fff00000)
 ParOldGen       total 158208K, used 129232K [0x00000000c0000000, 0x00000000c9a80000, 0x00000000eab00000)
  object space 158208K, 81% used [0x00000000c0000000,0x00000000c7e341e0,0x00000000c9a80000)
 Metaspace       used 6256K, capacity 7128K, committed 7424K, reserved 1056768K
  class space    used 619K, capacity 656K, committed 768K, reserved 1048576K
}
Event: 5.714 GC heap before
{Heap before GC invocations=29 (full 1):
 PSYoungGen      total 240640K, used 231812K [0x00000000eab00000, 0x00000000fff00000, 0x0000000100000000)
  eden space 205312K, 100% used [0x00000000eab00000,0x00000000f7380000,0x00000000f7380000)
  from space 35328K, 75% used [0x00000000f7380000,0x00000000f8d61098,0x00000000f9600000)
  to   space 40448K, 0% used [0x00000000fd780000,0x00000000fd780000,0x00000000fff00000)
 ParOldGen       total 158208K, used 129232K [0x00000000c0000000, 0x00000000c9a80000, 0x00000000eab00000)
  object space 158208K, 81% used [0x00000000c0000000,0x00000000c7e341e0,0x00000000c9a80000)
 Metaspace       used 6270K, capacity 7128K, committed 7424K, reserved 1056768K
  class space    used 620K, capacity 656K, committed 768K, reserved 1048576K
Event: 5.809 GC heap after
Heap after GC invocations=29 (full 1):
 PSYoungGen      total 265216K, used 31768K [0x00000000eab00000, 0x00000000ff700000, 0x0000000100000000)
  eden space 232960K, 0% used [0x00000000eab00000,0x00000000eab00000,0x00000000f8e80000)
  from space 32256K, 98% used [0x00000000fd780000,0x00000000ff6861c8,0x00000000ff700000)
  to   space 44544K, 0% used [0x00000000fa000000,0x00000000fa000000,0x00000000fcb80000)
 ParOldGen       total 158208K, used 155294K [0x00000000c0000000, 0x00000000c9a80000, 0x00000000eab00000)
  object space 158208K, 98% used [0x00000000c0000000,0x00000000c97a7a70,0x00000000c9a80000)
 Metaspace       used 6270K, capacity 7128K, committed 7424K, reserved 1056768K
  class space    used 620K, capacity 656K, committed 768K, reserved 1048576K
}
Event: 5.809 GC heap before
{Heap before GC invocations=30 (full 2):
 PSYoungGen      total 265216K, used 31768K [0x00000000eab00000, 0x00000000ff700000, 0x0000000100000000)
  eden space 232960K, 0% used [0x00000000eab00000,0x00000000eab00000,0x00000000f8e80000)
  from space 32256K, 98% used [0x00000000fd780000,0x00000000ff6861c8,0x00000000ff700000)
  to   space 44544K, 0% used [0x00000000fa000000,0x00000000fa000000,0x00000000fcb80000)
 ParOldGen       total 158208K, used 155294K [0x00000000c0000000, 0x00000000c9a80000, 0x00000000eab00000)
  object space 158208K, 98% used [0x00000000c0000000,0x00000000c97a7a70,0x00000000c9a80000)
 Metaspace       used 6270K, capacity 7128K, committed 7424K, reserved 1056768K
  class space    used 620K, capacity 656K, committed 768K, reserved 1048576K
Event: 6.757 GC heap after
Heap after GC invocations=30 (full 2):
 PSYoungGen      total 265216K, used 28495K [0x00000000eab00000, 0x00000000ff700000, 0x0000000100000000)
  eden space 232960K, 0% used [0x00000000eab00000,0x00000000eab00000,0x00000000f8e80000)
  from space 32256K, 88% used [0x00000000fd780000,0x00000000ff353fb0,0x00000000ff700000)
  to   space 44544K, 0% used [0x00000000fa000000,0x00000000fa000000,0x00000000fcb80000)
 ParOldGen       total 158208K, used 157796K [0x00000000c0000000, 0x00000000c9a80000, 0x00000000eab00000)
  object space 158208K, 99% used [0x00000000c0000000,0x00000000c9a19268,0x00000000c9a80000)
 Metaspace       used 6270K, capacity 7128K, committed 7424K, reserved 1056768K
  class space    used 620K, capacity 656K, committed 768K, reserved 1048576K
}

